# JRE version: OpenJDK Runtime Environment (11.0.16+8) (build 11.0.16+8-LTS)
# Java VM: OpenJDK 64-Bit Client VM (11.0.16+8-LTS, mixed mode, serial gc, windows-amd64)
Heap:
 def new generation   total 15552K, used 5715K [0x0000022ad4a00000, 0x0000022ad5ad0000, 0x0000022ad9f50000)
  eden space 13888K,  29% used [0x0000022ad4a00000, 0x0000022ad4df4d60, 0x0000022ad5790000)
  from space 1664K,  99% used [0x0000022ad5930000, 0x0000022ad5acfff8, 0x0000022ad5ad0000)
  to   space 1664K,   0% used [0x0000022ad5790000, 0x0000022ad5790000, 0x0000022ad5930000)
 tenured generation   total 34348K, used 31649K [0x0000022ad9f50000, 0x0000022adc0db000, 0x0000022ae4a00000)
   the space 34348K,  92% used [0x0000022ad9f50000, 0x0000022adbe38438, 0x0000022adbe38600, 0x0000022adc0db000)
 Metaspace       used 32155K, capacity 34302K, committed 34304K, reserved 34816K
GC Heap History (20 events):
Event: 11.101 GC heap before
{Heap before GC invocations=106 (full 4):
 def new generation   total 15552K, used 14675K [0x0000022ad4a00000, 0x0000022ad5ad0000, 0x0000022ad9f50000)
  eden space 13888K, 100% used [0x0000022ad4a00000, 0x0000022ad5790000, 0x0000022ad5790000)
  from space 1664K,  47% used [0x0000022ad5930000, 0x0000022ad59f4c90, 0x0000022ad5ad0000)
  to   space 1664K,   0% used [0x0000022ad5790000, 0x0000022ad5790000, 0x0000022ad5930000)
 tenured generation   total 34348K, used 29570K [0x0000022ad9f50000, 0x0000022adc0db000, 0x0000022ae4a00000)
   the space 34348K,  86% used [0x0000022ad9f50000, 0x0000022adbc30a08, 0x0000022adbc30c00, 0x0000022adc0db000)
 Metaspace       used 30141K, capacity 31597K, committed 31744K, reserved 32768K
}
Event: 11.102 GC heap after
{Heap after GC invocations=107 (full 4):
 def new generation   total 15552K, used 1180K [0x0000022ad4a00000, 0x0000022ad5ad0000, 0x0000022ad9f50000)
  eden space 13888K,   0% used [0x0000022ad4a00000, 0x0000022ad4a00000, 0x0000022ad5790000)
  from space 1664K,  70% used [0x0000022ad5790000, 0x0000022ad58b70b0, 0x0000022ad5930000)
  to   space 1664K,   0% used [0x0000022ad5930000, 0x0000022ad5930000, 0x0000022ad5ad0000)
 tenured generation   total 34348K, used 29570K [0x0000022ad9f50000, 0x0000022adc0db000, 0x0000022ae4a00000)
   the space 34348K,  86% used [0x0000022ad9f50000, 0x0000022adbc30a08, 0x0000022adbc30c00, 0x0000022adc0db000)
 Metaspace       used 30141K, capacity 31597K, committed 31744K, reserved 32768K
}
Event: 11.139 GC heap before
{Heap before GC invocations=107 (full 4):
 def new generation   total 15552K, used 15068K [0x0000022ad4a00000, 0x0000022ad5ad0000, 0x0000022ad9f50000)
  eden space 13888K, 100% used [0x0000022ad4a00000, 0x0000022ad5790000, 0x0000022ad5790000)
  from space 1664K,  70% used [0x0000022ad5790000, 0x0000022ad58b70b0, 0x0000022ad5930000)
  to   space 1664K,   0% used [0x0000022ad5930000, 0x0000022ad5930000, 0x0000022ad5ad0000)
 tenured generation   total 34348K, used 29570K [0x0000022ad9f50000, 0x0000022adc0db000, 0x0000022ae4a00000)
   the space 34348K,  86% used [0x0000022ad9f50000, 0x0000022adbc30a08, 0x0000022adbc30c00, 0x0000022adc0db000)
 Metaspace       used 30293K, capacity 31957K, committed 32000K, reserved 32768K
}
Event: 11.141 GC heap after
{Heap after GC invocations=108 (full 4):
 def new generation   total 15552K, used 892K [0x0000022ad4a00000, 0x0000022ad5ad0000, 0x0000022ad9f50000)
  eden space 13888K,   0% used [0x0000022ad4a00000, 0x0000022ad4a00000, 0x0000022ad5790000)
  from space 1664K,  53% used [0x0000022ad5930000, 0x0000022ad5a0f0b0, 0x0000022ad5ad0000)
  to   space 1664K,   0% used [0x0000022ad5790000, 0x0000022ad5790000, 0x0000022ad5930000)
 tenured generation   total 34348K, used 29982K [0x0000022ad9f50000, 0x0000022adc0db000, 0x0000022ae4a00000)
   the space 34348K,  87% used [0x0000022ad9f50000, 0x0000022adbc97918, 0x0000022adbc97a00, 0x0000022adc0db000)
 Metaspace       used 30293K, capacity 31957K, committed 32000K, reserved 32768K
}
Event: 11.183 GC heap before
{Heap before GC invocations=108 (full 4):
 def new generation   total 15552K, used 14780K [0x0000022ad4a00000, 0x0000022ad5ad0000, 0x0000022ad9f50000)
  eden space 13888K, 100% used [0x0000022ad4a00000, 0x0000022ad5790000, 0x0000022ad5790000)
  from space 1664K,  53% used [0x0000022ad5930000, 0x0000022ad5a0f0b0, 0x0000022ad5ad0000)
  to   space 1664K,   0% used [0x0000022ad5790000, 0x0000022ad5790000, 0x0000022ad5930000)
 tenured generation   total 34348K, used 29982K [0x0000022ad9f50000, 0x0000022adc0db000, 0x0000022ae4a00000)
   the space 34348K,  87% used [0x0000022ad9f50000, 0x0000022adbc97918, 0x0000022adbc97a00, 0x0000022adc0db000)
 Metaspace       used 30465K, capacity 32277K, committed 32512K, reserved 32768K
}
Event: 11.185 GC heap after
{Heap after GC invocations=109 (full 4):
 def new generation   total 15552K, used 846K [0x0000022ad4a00000, 0x0000022ad5ad0000, 0x0000022ad9f50000)
  eden space 13888K,   0% used [0x0000022ad4a00000, 0x0000022ad4a00000, 0x0000022ad5790000)
  from space 1664K,  50% used [0x0000022ad5790000, 0x0000022ad58639b0, 0x0000022ad5930000)
  to   space 1664K,   0% used [0x0000022ad5930000, 0x0000022ad5930000, 0x0000022ad5ad0000)
 tenured generation   total 34348K, used 30301K [0x0000022ad9f50000, 0x0000022adc0db000, 0x0000022ae4a00000)
   the space 34348K,  88% used [0x0000022ad9f50000, 0x0000022adbce7538, 0x0000022adbce7600, 0x0000022adc0db000)
 Metaspace       used 30465K, capacity 32277K, committed 32512K, reserved 32768K
}
Event: 11.220 GC heap before
{Heap before GC invocations=109 (full 4):
 def new generation   total 15552K, used 14734K [0x0000022ad4a00000, 0x0000022ad5ad0000, 0x0000022ad9f50000)
  eden space 13888K, 100% used [0x0000022ad4a00000, 0x0000022ad5790000, 0x0000022ad5790000)
  from space 1664K,  50% used [0x0000022ad5790000, 0x0000022ad58639b0, 0x0000022ad5930000)
  to   space 1664K,   0% used [0x0000022ad5930000, 0x0000022ad5930000, 0x0000022ad5ad0000)
 tenured generation   total 34348K, used 30301K [0x0000022ad9f50000, 0x0000022adc0db000, 0x0000022ae4a00000)
   the space 34348K,  88% used [0x0000022ad9f50000, 0x0000022adbce7538, 0x0000022adbce7600, 0x0000022adc0db000)
 Metaspace       used 30618K, capacity 32481K, committed 32512K, reserved 32768K
}
Event: 11.221 GC heap after
{Heap after GC invocations=110 (full 4):
 def new generation   total 15552K, used 734K [0x0000022ad4a00000, 0x0000022ad5ad0000, 0x0000022ad9f50000)
  eden space 13888K,   0% used [0x0000022ad4a00000, 0x0000022ad4a00000, 0x0000022ad5790000)
  from space 1664K,  44% used [0x0000022ad5930000, 0x0000022ad59e7898, 0x0000022ad5ad0000)
  to   space 1664K,   0% used [0x0000022ad5790000, 0x0000022ad5790000, 0x0000022ad5930000)
 tenured generation   total 34348K, used 30643K [0x0000022ad9f50000, 0x0000022adc0db000, 0x0000022ae4a00000)
   the space 34348K,  89% used [0x0000022ad9f50000, 0x0000022adbd3ceb0, 0x0000022adbd3d000, 0x0000022adc0db000)
 Metaspace       used 30618K, capacity 32481K, committed 32512K, reserved 32768K
}
Event: 11.256 GC heap before
{Heap before GC invocations=110 (full 4):
 def new generation   total 15552K, used 14622K [0x0000022ad4a00000, 0x0000022ad5ad0000, 0x0000022ad9f50000)
  eden space 13888K, 100% used [0x0000022ad4a00000, 0x0000022ad5790000, 0x0000022ad5790000)
  from space 1664K,  44% used [0x0000022ad5930000, 0x0000022ad59e7898, 0x0000022ad5ad0000)
  to   space 1664K,   0% used [0x0000022ad5790000, 0x0000022ad5790000, 0x0000022ad5930000)
 tenured generation   total 34348K, used 30643K [0x0000022ad9f50000, 0x0000022adc0db000, 0x0000022ae4a00000)
   the space 34348K,  89% used [0x0000022ad9f50000, 0x0000022adbd3ceb0, 0x0000022adbd3d000, 0x0000022adc0db000)
 Metaspace       used 30778K, capacity 32733K, committed 32768K, reserved 32768K
}
Event: 11.257 GC heap after
{Heap after GC invocations=111 (full 4):
 def new generation   total 15552K, used 903K [0x0000022ad4a00000, 0x0000022ad5ad0000, 0x0000022ad9f50000)
  eden space 13888K,   0% used [0x0000022ad4a00000, 0x0000022ad4a00000, 0x0000022ad5790000)
  from space 1664K,  54% used [0x0000022ad5790000, 0x0000022ad5871e88, 0x0000022ad5930000)
  to   space 1664K,   0% used [0x0000022ad5930000, 0x0000022ad5930000, 0x0000022ad5ad0000)
 tenured generation   total 34348K, used 30643K [0x0000022ad9f50000, 0x0000022adc0db000, 0x0000022ae4a00000)
   the space 34348K,  89% used [0x0000022ad9f50000, 0x0000022adbd3ceb0, 0x0000022adbd3d000, 0x0000022adc0db000)
 Metaspace       used 30778K, capacity 32733K, committed 32768K, reserved 32768K
}
Event: 11.290 GC heap before
{Heap before GC invocations=111 (full 4):
 def new generation   total 15552K, used 14791K [0x0000022ad4a00000, 0x0000022ad5ad0000, 0x0000022ad9f50000)
  eden space 13888K, 100% used [0x0000022ad4a00000, 0x0000022ad5790000, 0x0000022ad5790000)
  from space 1664K,  54% used [0x0000022ad5790000, 0x0000022ad5871e88, 0x0000022ad5930000)
  to   space 1664K,   0% used [0x0000022ad5930000, 0x0000022ad5930000, 0x0000022ad5ad0000)
 tenured generation   total 34348K, used 30643K [0x0000022ad9f50000, 0x0000022adc0db000, 0x0000022ae4a00000)
   the space 34348K,  89% used [0x0000022ad9f50000, 0x0000022adbd3ceb0, 0x0000022adbd3d000, 0x0000022adc0db000)
 Metaspace       used 30904K, capacity 32945K, committed 33024K, reserved 34816K
}
Event: 11.291 GC heap after
{Heap after GC invocations=112 (full 4):
 def new generation   total 15552K, used 953K [0x0000022ad4a00000, 0x0000022ad5ad0000, 0x0000022ad9f50000)
  eden space 13888K,   0% used [0x0000022ad4a00000, 0x0000022ad4a00000, 0x0000022ad5790000)
  from space 1664K,  57% used [0x0000022ad5930000, 0x0000022ad5a1e400, 0x0000022ad5ad0000)
  to   space 1664K,   0% used [0x0000022ad5790000, 0x0000022ad5790000, 0x0000022ad5930000)
 tenured generation   total 34348K, used 30834K [0x0000022ad9f50000, 0x0000022adc0db000, 0x0000022ae4a00000)
   the space 34348K,  89% used [0x0000022ad9f50000, 0x0000022adbd6cab0, 0x0000022adbd6cc00, 0x0000022adc0db000)
 Metaspace       used 30904K, capacity 32945K, committed 33024K, reserved 34816K
}
Event: 11.334 GC heap before
{Heap before GC invocations=112 (full 4):
 def new generation   total 15552K, used 14841K [0x0000022ad4a00000, 0x0000022ad5ad0000, 0x0000022ad9f50000)
  eden space 13888K, 100% used [0x0000022ad4a00000, 0x0000022ad5790000, 0x0000022ad5790000)
  from space 1664K,  57% used [0x0000022ad5930000, 0x0000022ad5a1e400, 0x0000022ad5ad0000)
  to   space 1664K,   0% used [0x0000022ad5790000, 0x0000022ad5790000, 0x0000022ad5930000)
 tenured generation   total 34348K, used 30834K [0x0000022ad9f50000, 0x0000022adc0db000, 0x0000022ae4a00000)
   the space 34348K,  89% used [0x0000022ad9f50000, 0x0000022adbd6cab0, 0x0000022adbd6cc00, 0x0000022adc0db000)
 Metaspace       used 31079K, capacity 33225K, committed 33280K, reserved 34816K
}
Event: 11.335 GC heap after
{Heap after GC invocations=113 (full 4):
 def new generation   total 15552K, used 835K [0x0000022ad4a00000, 0x0000022ad5ad0000, 0x0000022ad9f50000)
  eden space 13888K,   0% used [0x0000022ad4a00000, 0x0000022ad4a00000, 0x0000022ad5790000)
  from space 1664K,  50% used [0x0000022ad5790000, 0x0000022ad5860fc8, 0x0000022ad5930000)
  to   space 1664K,   0% used [0x0000022ad5930000, 0x0000022ad5930000, 0x0000022ad5ad0000)
 tenured generation   total 34348K, used 31074K [0x0000022ad9f50000, 0x0000022adc0db000, 0x0000022ae4a00000)
   the space 34348K,  90% used [0x0000022ad9f50000, 0x0000022adbda8ae0, 0x0000022adbda8c00, 0x0000022adc0db000)
 Metaspace       used 31079K, capacity 33225K, committed 33280K, reserved 34816K
}
Event: 11.382 GC heap before
{Heap before GC invocations=113 (full 4):
 def new generation   total 15552K, used 14723K [0x0000022ad4a00000, 0x0000022ad5ad0000, 0x0000022ad9f50000)
  eden space 13888K, 100% used [0x0000022ad4a00000, 0x0000022ad5790000, 0x0000022ad5790000)
  from space 1664K,  50% used [0x0000022ad5790000, 0x0000022ad5860fc8, 0x0000022ad5930000)
  to   space 1664K,   0% used [0x0000022ad5930000, 0x0000022ad5930000, 0x0000022ad5ad0000)
 tenured generation   total 34348K, used 31074K [0x0000022ad9f50000, 0x0000022adc0db000, 0x0000022ae4a00000)
   the space 34348K,  90% used [0x0000022ad9f50000, 0x0000022adbda8ae0, 0x0000022adbda8c00, 0x0000022adc0db000)
 Metaspace       used 31275K, capacity 33386K, committed 33536K, reserved 34816K
}
Event: 11.384 GC heap after
{Heap after GC invocations=114 (full 4):
 def new generation   total 15552K, used 733K [0x0000022ad4a00000, 0x0000022ad5ad0000, 0x0000022ad9f50000)
  eden space 13888K,   0% used [0x0000022ad4a00000, 0x0000022ad4a00000, 0x0000022ad5790000)
  from space 1664K,  44% used [0x0000022ad5930000, 0x0000022ad59e7470, 0x0000022ad5ad0000)
  to   space 1664K,   0% used [0x0000022ad5790000, 0x0000022ad5790000, 0x0000022ad5930000)
 tenured generation   total 34348K, used 31291K [0x0000022ad9f50000, 0x0000022adc0db000, 0x0000022ae4a00000)
   the space 34348K,  91% used [0x0000022ad9f50000, 0x0000022adbddeed8, 0x0000022adbddf000, 0x0000022adc0db000)
 Metaspace       used 31275K, capacity 33386K, committed 33536K, reserved 34816K
}
Event: 11.539 GC heap before
{Heap before GC invocations=114 (full 4):
 def new generation   total 15552K, used 14621K [0x0000022ad4a00000, 0x0000022ad5ad0000, 0x0000022ad9f50000)
  eden space 13888K, 100% used [0x0000022ad4a00000, 0x0000022ad5790000, 0x0000022ad5790000)
  from space 1664K,  44% used [0x0000022ad5930000, 0x0000022ad59e7470, 0x0000022ad5ad0000)
  to   space 1664K,   0% used [0x0000022ad5790000, 0x0000022ad5790000, 0x0000022ad5930000)
 tenured generation   total 34348K, used 31291K [0x0000022ad9f50000, 0x0000022adc0db000, 0x0000022ae4a00000)
   the space 34348K,  91% used [0x0000022ad9f50000, 0x0000022adbddeed8, 0x0000022adbddf000, 0x0000022adc0db000)
 Metaspace       used 31395K, capacity 33466K, committed 33536K, reserved 34816K
}
Event: 11.540 GC heap after
{Heap after GC invocations=115 (full 4):
 def new generation   total 15552K, used 800K [0x0000022ad4a00000, 0x0000022ad5ad0000, 0x0000022ad9f50000)
  eden space 13888K,   0% used [0x0000022ad4a00000, 0x0000022ad4a00000, 0x0000022ad5790000)
  from space 1664K,  48% used [0x0000022ad5790000, 0x0000022ad58582a8, 0x0000022ad5930000)
  to   space 1664K,   0% used [0x0000022ad5930000, 0x0000022ad5930000, 0x0000022ad5ad0000)
 tenured generation   total 34348K, used 31291K [0x0000022ad9f50000, 0x0000022adc0db000, 0x0000022ae4a00000)
   the space 34348K,  91% used [0x0000022ad9f50000, 0x0000022adbddeed8, 0x0000022adbddf000, 0x0000022adc0db000)
 Metaspace       used 31395K, capacity 33466K, committed 33536K, reserved 34816K
}
Event: 11.580 GC heap before
{Heap before GC invocations=115 (full 4):
 def new generation   total 15552K, used 14688K [0x0000022ad4a00000, 0x0000022ad5ad0000, 0x0000022ad9f50000)
  eden space 13888K, 100% used [0x0000022ad4a00000, 0x0000022ad5790000, 0x0000022ad5790000)
  from space 1664K,  48% used [0x0000022ad5790000, 0x0000022ad58582a8, 0x0000022ad5930000)
  to   space 1664K,   0% used [0x0000022ad5930000, 0x0000022ad5930000, 0x0000022ad5ad0000)
 tenured generation   total 34348K, used 31291K [0x0000022ad9f50000, 0x0000022adc0db000, 0x0000022ae4a00000)
   the space 34348K,  91% used [0x0000022ad9f50000, 0x0000022adbddeed8, 0x0000022adbddf000, 0x0000022adc0db000)
 Metaspace       used 31878K, capacity 33982K, committed 34048K, reserved 34816K
}
Event: 11.583 GC heap after
{Heap after GC invocations=116 (full 4):
 def new generation   total 15552K, used 1663K [0x0000022ad4a00000, 0x0000022ad5ad0000, 0x0000022ad9f50000)
  eden space 13888K,   0% used [0x0000022ad4a00000, 0x0000022ad4a00000, 0x0000022ad5790000)
  from space 1664K,  99% used [0x0000022ad5930000, 0x0000022ad5acfff8, 0x0000022ad5ad0000)
  to   space 1664K,   0% used [0x0000022ad5790000, 0x0000022ad5790000, 0x0000022ad5930000)
 tenured generation   total 34348K, used 31649K [0x0000022ad9f50000, 0x0000022adc0db000, 0x0000022ae4a00000)
   the space 34348K,  92% used [0x0000022ad9f50000, 0x0000022adbe38438, 0x0000022adbe38600, 0x0000022adc0db000)
 Metaspace       used 31878K, capacity 33982K, committed 34048K, reserved 34816K
}

