# JRE version: OpenJDK Runtime Environment (11.0.16+8) (build 11.0.16+8-LTS)
# Java VM: OpenJDK 64-Bit Client VM (11.0.16+8-LTS, mixed mode, serial gc, windows-amd64)
Heap:
 def new generation   total 17984K, used 15540K [0x0000021725400000, 0x0000021726780000, 0x000002172a950000)
  eden space 16000K,  90% used [0x0000021725400000, 0x000002172621dab8, 0x00000217263a0000)
  from space 1984K,  54% used [0x0000021726590000, 0x000002172669f938, 0x0000021726780000)
  to   space 1984K,   0% used [0x00000217263a0000, 0x00000217263a0000, 0x0000021726590000)
 tenured generation   total 39760K, used 27834K [0x000002172a950000, 0x000002172d024000, 0x0000021735400000)
   the space 39760K,  70% used [0x000002172a950000, 0x000002172c47e828, 0x000002172c47ea00, 0x000002172d024000)
 Metaspace       used 38650K, capacity 40727K, committed 40960K, reserved 40960K
GC Heap History (20 events):
Event: 15.737 GC heap before
{Heap before GC invocations=80 (full 4):
 def new generation   total 17984K, used 16680K [0x0000021725400000, 0x0000021726780000, 0x000002172a950000)
  eden space 16000K, 100% used [0x0000021725400000, 0x00000217263a0000, 0x00000217263a0000)
  from space 1984K,  34% used [0x0000021726590000, 0x000002172663a318, 0x0000021726780000)
  to   space 1984K,   0% used [0x00000217263a0000, 0x00000217263a0000, 0x0000021726590000)
 tenured generation   total 39760K, used 23855K [0x000002172a950000, 0x000002172d024000, 0x0000021735400000)
   the space 39760K,  59% used [0x000002172a950000, 0x000002172c09bd48, 0x000002172c09be00, 0x000002172d024000)
 Metaspace       used 36251K, capacity 37387K, committed 37632K, reserved 38912K
}
Event: 15.740 GC heap after
{Heap after GC invocations=81 (full 4):
 def new generation   total 17984K, used 1983K [0x0000021725400000, 0x0000021726780000, 0x000002172a950000)
  eden space 16000K,   0% used [0x0000021725400000, 0x0000021725400000, 0x00000217263a0000)
  from space 1984K,  99% used [0x00000217263a0000, 0x000002172658ffe8, 0x0000021726590000)
  to   space 1984K,   0% used [0x0000021726590000, 0x0000021726590000, 0x0000021726780000)
 tenured generation   total 39760K, used 24543K [0x000002172a950000, 0x000002172d024000, 0x0000021735400000)
   the space 39760K,  61% used [0x000002172a950000, 0x000002172c147c50, 0x000002172c147e00, 0x000002172d024000)
 Metaspace       used 36251K, capacity 37387K, committed 37632K, reserved 38912K
}
Event: 15.798 GC heap before
{Heap before GC invocations=81 (full 4):
 def new generation   total 17984K, used 17983K [0x0000021725400000, 0x0000021726780000, 0x000002172a950000)
  eden space 16000K, 100% used [0x0000021725400000, 0x00000217263a0000, 0x00000217263a0000)
  from space 1984K,  99% used [0x00000217263a0000, 0x000002172658ffe8, 0x0000021726590000)
  to   space 1984K,   0% used [0x0000021726590000, 0x0000021726590000, 0x0000021726780000)
 tenured generation   total 39760K, used 24543K [0x000002172a950000, 0x000002172d024000, 0x0000021735400000)
   the space 39760K,  61% used [0x000002172a950000, 0x000002172c147c50, 0x000002172c147e00, 0x000002172d024000)
 Metaspace       used 36676K, capacity 37848K, committed 38144K, reserved 38912K
}
Event: 15.800 GC heap after
{Heap after GC invocations=82 (full 4):
 def new generation   total 17984K, used 494K [0x0000021725400000, 0x0000021726780000, 0x000002172a950000)
  eden space 16000K,   0% used [0x0000021725400000, 0x0000021725400000, 0x00000217263a0000)
  from space 1984K,  24% used [0x0000021726590000, 0x000002172660bbe0, 0x0000021726780000)
  to   space 1984K,   0% used [0x00000217263a0000, 0x00000217263a0000, 0x0000021726590000)
 tenured generation   total 39760K, used 26433K [0x000002172a950000, 0x000002172d024000, 0x0000021735400000)
   the space 39760K,  66% used [0x000002172a950000, 0x000002172c320680, 0x000002172c320800, 0x000002172d024000)
 Metaspace       used 36676K, capacity 37848K, committed 38144K, reserved 38912K
}
Event: 15.848 GC heap before
{Heap before GC invocations=82 (full 4):
 def new generation   total 17984K, used 16494K [0x0000021725400000, 0x0000021726780000, 0x000002172a950000)
  eden space 16000K, 100% used [0x0000021725400000, 0x00000217263a0000, 0x00000217263a0000)
  from space 1984K,  24% used [0x0000021726590000, 0x000002172660bbe0, 0x0000021726780000)
  to   space 1984K,   0% used [0x00000217263a0000, 0x00000217263a0000, 0x0000021726590000)
 tenured generation   total 39760K, used 26433K [0x000002172a950000, 0x000002172d024000, 0x0000021735400000)
   the space 39760K,  66% used [0x000002172a950000, 0x000002172c320680, 0x000002172c320800, 0x000002172d024000)
 Metaspace       used 37043K, capacity 38314K, committed 38400K, reserved 38912K
}
Event: 15.850 GC heap after
{Heap after GC invocations=83 (full 4):
 def new generation   total 17984K, used 996K [0x0000021725400000, 0x0000021726780000, 0x000002172a950000)
  eden space 16000K,   0% used [0x0000021725400000, 0x0000021725400000, 0x00000217263a0000)
  from space 1984K,  50% used [0x00000217263a0000, 0x00000217264992f8, 0x0000021726590000)
  to   space 1984K,   0% used [0x0000021726590000, 0x0000021726590000, 0x0000021726780000)
 tenured generation   total 39760K, used 26433K [0x000002172a950000, 0x000002172d024000, 0x0000021735400000)
   the space 39760K,  66% used [0x000002172a950000, 0x000002172c320680, 0x000002172c320800, 0x000002172d024000)
 Metaspace       used 37043K, capacity 38314K, committed 38400K, reserved 38912K
}
Event: 15.888 GC heap before
{Heap before GC invocations=83 (full 4):
 def new generation   total 17984K, used 16996K [0x0000021725400000, 0x0000021726780000, 0x000002172a950000)
  eden space 16000K, 100% used [0x0000021725400000, 0x00000217263a0000, 0x00000217263a0000)
  from space 1984K,  50% used [0x00000217263a0000, 0x00000217264992f8, 0x0000021726590000)
  to   space 1984K,   0% used [0x0000021726590000, 0x0000021726590000, 0x0000021726780000)
 tenured generation   total 39760K, used 26433K [0x000002172a950000, 0x000002172d024000, 0x0000021735400000)
   the space 39760K,  66% used [0x000002172a950000, 0x000002172c320680, 0x000002172c320800, 0x000002172d024000)
 Metaspace       used 37241K, capacity 38666K, committed 38912K, reserved 38912K
}
Event: 15.889 GC heap after
{Heap after GC invocations=84 (full 4):
 def new generation   total 17984K, used 820K [0x0000021725400000, 0x0000021726780000, 0x000002172a950000)
  eden space 16000K,   0% used [0x0000021725400000, 0x0000021725400000, 0x00000217263a0000)
  from space 1984K,  41% used [0x0000021726590000, 0x000002172665d3a8, 0x0000021726780000)
  to   space 1984K,   0% used [0x00000217263a0000, 0x00000217263a0000, 0x0000021726590000)
 tenured generation   total 39760K, used 26868K [0x000002172a950000, 0x000002172d024000, 0x0000021735400000)
   the space 39760K,  67% used [0x000002172a950000, 0x000002172c38d0c8, 0x000002172c38d200, 0x000002172d024000)
 Metaspace       used 37241K, capacity 38666K, committed 38912K, reserved 38912K
}
Event: 15.926 GC heap before
{Heap before GC invocations=84 (full 4):
 def new generation   total 17984K, used 16820K [0x0000021725400000, 0x0000021726780000, 0x000002172a950000)
  eden space 16000K, 100% used [0x0000021725400000, 0x00000217263a0000, 0x00000217263a0000)
  from space 1984K,  41% used [0x0000021726590000, 0x000002172665d3a8, 0x0000021726780000)
  to   space 1984K,   0% used [0x00000217263a0000, 0x00000217263a0000, 0x0000021726590000)
 tenured generation   total 39760K, used 26868K [0x000002172a950000, 0x000002172d024000, 0x0000021735400000)
   the space 39760K,  67% used [0x000002172a950000, 0x000002172c38d0c8, 0x000002172c38d200, 0x000002172d024000)
 Metaspace       used 37410K, capacity 38994K, committed 39168K, reserved 40960K
}
Event: 15.928 GC heap after
{Heap after GC invocations=85 (full 4):
 def new generation   total 17984K, used 1051K [0x0000021725400000, 0x0000021726780000, 0x000002172a950000)
  eden space 16000K,   0% used [0x0000021725400000, 0x0000021725400000, 0x00000217263a0000)
  from space 1984K,  53% used [0x00000217263a0000, 0x00000217264a6e80, 0x0000021726590000)
  to   space 1984K,   0% used [0x0000021726590000, 0x0000021726590000, 0x0000021726780000)
 tenured generation   total 39760K, used 26868K [0x000002172a950000, 0x000002172d024000, 0x0000021735400000)
   the space 39760K,  67% used [0x000002172a950000, 0x000002172c38d0c8, 0x000002172c38d200, 0x000002172d024000)
 Metaspace       used 37410K, capacity 38994K, committed 39168K, reserved 40960K
}
Event: 15.964 GC heap before
{Heap before GC invocations=85 (full 4):
 def new generation   total 17984K, used 17051K [0x0000021725400000, 0x0000021726780000, 0x000002172a950000)
  eden space 16000K, 100% used [0x0000021725400000, 0x00000217263a0000, 0x00000217263a0000)
  from space 1984K,  53% used [0x00000217263a0000, 0x00000217264a6e80, 0x0000021726590000)
  to   space 1984K,   0% used [0x0000021726590000, 0x0000021726590000, 0x0000021726780000)
 tenured generation   total 39760K, used 26868K [0x000002172a950000, 0x000002172d024000, 0x0000021735400000)
   the space 39760K,  67% used [0x000002172a950000, 0x000002172c38d0c8, 0x000002172c38d200, 0x000002172d024000)
 Metaspace       used 37598K, capacity 39354K, committed 39424K, reserved 40960K
}
Event: 15.966 GC heap after
{Heap after GC invocations=86 (full 4):
 def new generation   total 17984K, used 902K [0x0000021725400000, 0x0000021726780000, 0x000002172a950000)
  eden space 16000K,   0% used [0x0000021725400000, 0x0000021725400000, 0x00000217263a0000)
  from space 1984K,  45% used [0x0000021726590000, 0x0000021726671900, 0x0000021726780000)
  to   space 1984K,   0% used [0x00000217263a0000, 0x00000217263a0000, 0x0000021726590000)
 tenured generation   total 39760K, used 27284K [0x000002172a950000, 0x000002172d024000, 0x0000021735400000)
   the space 39760K,  68% used [0x000002172a950000, 0x000002172c3f5240, 0x000002172c3f5400, 0x000002172d024000)
 Metaspace       used 37598K, capacity 39354K, committed 39424K, reserved 40960K
}
Event: 16.000 GC heap before
{Heap before GC invocations=86 (full 4):
 def new generation   total 17984K, used 16902K [0x0000021725400000, 0x0000021726780000, 0x000002172a950000)
  eden space 16000K, 100% used [0x0000021725400000, 0x00000217263a0000, 0x00000217263a0000)
  from space 1984K,  45% used [0x0000021726590000, 0x0000021726671900, 0x0000021726780000)
  to   space 1984K,   0% used [0x00000217263a0000, 0x00000217263a0000, 0x0000021726590000)
 tenured generation   total 39760K, used 27284K [0x000002172a950000, 0x000002172d024000, 0x0000021735400000)
   the space 39760K,  68% used [0x000002172a950000, 0x000002172c3f5240, 0x000002172c3f5400, 0x000002172d024000)
 Metaspace       used 37776K, capacity 39682K, committed 39936K, reserved 40960K
}
Event: 16.001 GC heap after
{Heap after GC invocations=87 (full 4):
 def new generation   total 17984K, used 980K [0x0000021725400000, 0x0000021726780000, 0x000002172a950000)
  eden space 16000K,   0% used [0x0000021725400000, 0x0000021725400000, 0x00000217263a0000)
  from space 1984K,  49% used [0x00000217263a0000, 0x00000217264953f0, 0x0000021726590000)
  to   space 1984K,   0% used [0x0000021726590000, 0x0000021726590000, 0x0000021726780000)
 tenured generation   total 39760K, used 27284K [0x000002172a950000, 0x000002172d024000, 0x0000021735400000)
   the space 39760K,  68% used [0x000002172a950000, 0x000002172c3f5240, 0x000002172c3f5400, 0x000002172d024000)
 Metaspace       used 37776K, capacity 39682K, committed 39936K, reserved 40960K
}
Event: 16.036 GC heap before
{Heap before GC invocations=87 (full 4):
 def new generation   total 17984K, used 16980K [0x0000021725400000, 0x0000021726780000, 0x000002172a950000)
  eden space 16000K, 100% used [0x0000021725400000, 0x00000217263a0000, 0x00000217263a0000)
  from space 1984K,  49% used [0x00000217263a0000, 0x00000217264953f0, 0x0000021726590000)
  to   space 1984K,   0% used [0x0000021726590000, 0x0000021726590000, 0x0000021726780000)
 tenured generation   total 39760K, used 27284K [0x000002172a950000, 0x000002172d024000, 0x0000021735400000)
   the space 39760K,  68% used [0x000002172a950000, 0x000002172c3f5240, 0x000002172c3f5400, 0x000002172d024000)
 Metaspace       used 37924K, capacity 39866K, committed 39936K, reserved 40960K
}
Event: 16.037 GC heap after
{Heap after GC invocations=88 (full 4):
 def new generation   total 17984K, used 1333K [0x0000021725400000, 0x0000021726780000, 0x000002172a950000)
  eden space 16000K,   0% used [0x0000021725400000, 0x0000021725400000, 0x00000217263a0000)
  from space 1984K,  67% used [0x0000021726590000, 0x00000217266dd620, 0x0000021726780000)
  to   space 1984K,   0% used [0x00000217263a0000, 0x00000217263a0000, 0x0000021726590000)
 tenured generation   total 39760K, used 27284K [0x000002172a950000, 0x000002172d024000, 0x0000021735400000)
   the space 39760K,  68% used [0x000002172a950000, 0x000002172c3f5240, 0x000002172c3f5400, 0x000002172d024000)
 Metaspace       used 37924K, capacity 39866K, committed 39936K, reserved 40960K
}
Event: 16.088 GC heap before
{Heap before GC invocations=88 (full 4):
 def new generation   total 17984K, used 17333K [0x0000021725400000, 0x0000021726780000, 0x000002172a950000)
  eden space 16000K, 100% used [0x0000021725400000, 0x00000217263a0000, 0x00000217263a0000)
  from space 1984K,  67% used [0x0000021726590000, 0x00000217266dd620, 0x0000021726780000)
  to   space 1984K,   0% used [0x00000217263a0000, 0x00000217263a0000, 0x0000021726590000)
 tenured generation   total 39760K, used 27284K [0x000002172a950000, 0x000002172d024000, 0x0000021735400000)
   the space 39760K,  68% used [0x000002172a950000, 0x000002172c3f5240, 0x000002172c3f5400, 0x000002172d024000)
 Metaspace       used 38127K, capacity 40126K, committed 40192K, reserved 40960K
}
Event: 16.090 GC heap after
{Heap after GC invocations=89 (full 4):
 def new generation   total 17984K, used 878K [0x0000021725400000, 0x0000021726780000, 0x000002172a950000)
  eden space 16000K,   0% used [0x0000021725400000, 0x0000021725400000, 0x00000217263a0000)
  from space 1984K,  44% used [0x00000217263a0000, 0x000002172647bbb0, 0x0000021726590000)
  to   space 1984K,   0% used [0x0000021726590000, 0x0000021726590000, 0x0000021726780000)
 tenured generation   total 39760K, used 27834K [0x000002172a950000, 0x000002172d024000, 0x0000021735400000)
   the space 39760K,  70% used [0x000002172a950000, 0x000002172c47e828, 0x000002172c47ea00, 0x000002172d024000)
 Metaspace       used 38127K, capacity 40126K, committed 40192K, reserved 40960K
}
Event: 16.111 GC heap before
{Heap before GC invocations=89 (full 4):
 def new generation   total 17984K, used 16878K [0x0000021725400000, 0x0000021726780000, 0x000002172a950000)
  eden space 16000K, 100% used [0x0000021725400000, 0x00000217263a0000, 0x00000217263a0000)
  from space 1984K,  44% used [0x00000217263a0000, 0x000002172647bbb0, 0x0000021726590000)
  to   space 1984K,   0% used [0x0000021726590000, 0x0000021726590000, 0x0000021726780000)
 tenured generation   total 39760K, used 27834K [0x000002172a950000, 0x000002172d024000, 0x0000021735400000)
   the space 39760K,  70% used [0x000002172a950000, 0x000002172c47e828, 0x000002172c47ea00, 0x000002172d024000)
 Metaspace       used 38148K, capacity 40195K, committed 40448K, reserved 40960K
}
Event: 16.113 GC heap after
{Heap after GC invocations=90 (full 4):
 def new generation   total 17984K, used 1086K [0x0000021725400000, 0x0000021726780000, 0x000002172a950000)
  eden space 16000K,   0% used [0x0000021725400000, 0x0000021725400000, 0x00000217263a0000)
  from space 1984K,  54% used [0x0000021726590000, 0x000002172669f938, 0x0000021726780000)
  to   space 1984K,   0% used [0x00000217263a0000, 0x00000217263a0000, 0x0000021726590000)
 tenured generation   total 39760K, used 27834K [0x000002172a950000, 0x000002172d024000, 0x0000021735400000)
   the space 39760K,  70% used [0x000002172a950000, 0x000002172c47e828, 0x000002172c47ea00, 0x000002172d024000)
 Metaspace       used 38148K, capacity 40195K, committed 40448K, reserved 40960K
}

